2025-06-30 10:25:31,729 - INFO - FFmpeg 已安装
2025-06-30 10:25:31,730 - INFO - 找到 1 个m4a文件
2025-06-30 10:25:31,730 - INFO - 开始批量转换 1 个文件...
2025-06-30 10:25:31,730 - INFO - 输出目录: datasets
2025-06-30 10:25:31,730 - INFO - MP3质量: 192k
2025-06-30 10:25:32,033 - DEBUG - 成功转换: test.m4a -> test.mp3
2025-06-30 10:25:32,034 - INFO - 转换完成! 成功: 1, 失败: 0
2025-06-30 10:25:55,840 - INFO - FFmpeg 已安装
2025-06-30 10:25:55,841 - INFO - 找到 1 个m4a文件
2025-06-30 10:25:55,841 - INFO - 开始批量转换 1 个文件...
2025-06-30 10:25:55,841 - INFO - 输出目录: datasets
2025-06-30 10:25:55,841 - INFO - MP3质量: 192k
2025-06-30 10:25:56,119 - INFO - 转换完成! 成功: 1, 失败: 0
2025-06-30 10:25:56,245 - INFO - FFmpeg 已安装
2025-06-30 10:25:56,246 - INFO - 找到 1 个m4a文件
2025-06-30 10:25:56,246 - INFO - 开始批量转换 1 个文件...
2025-06-30 10:25:56,246 - INFO - 输出目录: converted_mp3
2025-06-30 10:25:56,246 - INFO - MP3质量: 320k
2025-06-30 10:25:56,529 - INFO - 转换完成! 成功: 1, 失败: 0
2025-06-30 10:25:56,603 - INFO - FFmpeg 已安装
2025-06-30 10:25:56,603 - INFO - 找到 1 个m4a文件
2025-06-30 10:25:56,603 - INFO - 开始批量转换 1 个文件...
2025-06-30 10:25:56,603 - INFO - 输出目录: custom_output
2025-06-30 10:25:56,603 - INFO - MP3质量: 128k
2025-06-30 10:25:56,884 - INFO - 转换完成! 成功: 1, 失败: 0
2025-06-30 10:26:59,518 - INFO - FFmpeg 已安装
2025-06-30 10:26:59,519 - INFO - 找到 1 个m4a文件
2025-06-30 10:26:59,519 - INFO - 开始批量转换 1 个文件...
2025-06-30 10:26:59,519 - INFO - 输出目录: quick_test
2025-06-30 10:26:59,519 - INFO - MP3质量: 192k
2025-06-30 10:26:59,820 - INFO - 转换完成! 成功: 1, 失败: 0
